[www.michaonsol.com/index.html]
[backblue.gif]
[fade.gif]
[index.html]
[w.ladicdn.com_443/63b3d7bebcd4e8001229d39c/afda8c3498775702d66a658eeea93186-20240506060017-2cb5h.jpg]
[w.ladicdn.com/v4/source/ladipagev3.minb110.js]
[w.ladicdn.com/s400x400/63b3d7bebcd4e8001229d39c/icondex-20240504033856-fxpq2.png]
[w.ladicdn.com/s400x400/63b3d7bebcd4e8001229d39c/tg-button-20240506060452-fbcry.png]
[w.ladicdn.com/s400x400/63b3d7bebcd4e8001229d39c/x-button-1-20240506060452-sedex.png]
[w.ladicdn.com/s450x450/63b3d7bebcd4e8001229d39c/665c9690270b42c303de9dd4_eifell1-1f-20240604011301-ptdcy.png]
[w.ladicdn.com/s700x1900/63b3d7bebcd4e8001229d39c/cheese-pattern-background-1-1-20240604004800-vo0kt.png]
[w.ladicdn.com/s500x500/63b3d7bebcd4e8001229d39c/afda8c3498775702d66a658eeea93186-20240506060017-2cb5h.jpg]
[w.ladicdn.com/s750x750/63b3d7bebcd4e8001229d39c/afda8c3498775702d66a658eeea93186-20240506060239-9ck26.jpg]
[w.ladicdn.com/s600x600/63b3d7bebcd4e8001229d39c/30f73e10450b9e685f028031296f6ee8-20240506060656-oy6lu.jpg]
[w.ladicdn.com/s700x1800/63b3d7bebcd4e8001229d39c/cheese-pattern-background-1-1-20240604004800-vo0kt.png]
[w.ladicdn.com/s600x600/63b3d7bebcd4e8001229d39c/18b954cfca7afc1dfb893ff1099947d1-20240506060656-3h0_m.jpg]
[w.ladicdn.com/s600x600/63b3d7bebcd4e8001229d39c/bbc6dab6104f9e887faa427357f93254-20240506060656-18aly.jpg]
[w.ladicdn.com/s600x600/63b3d7bebcd4e8001229d39c/photo_2024-06-04_07-31-20-1-20240604012055-ystbt.png]
[w.ladicdn.com/s600x600/63b3d7bebcd4e8001229d39c/fd05fd4cb6eec8f1ac0ad2d8dff9df4f-20240506060656-ak_p1.jpg]
[w.ladicdn.com/s600x600/63b3d7bebcd4e8001229d39c/photo_2024-06-04_07-31-20-1r-20240604012054-9arbp.png]
[w.ladicdn.com/s600x600/63b3d7bebcd4e8001229d39c/64264fc015efd6d0b3ae74f43803daed-20240506060656-pqmc-.jpg]
[w.ladicdn.com/s600x600/63b3d7bebcd4e8001229d39c/photo_2024-06-04_07-31-20-1hg-20240604013603-xucpr.png]
[w.ladicdn.com/s600x650/63b3d7bebcd4e8001229d39c/photo_2024-05-06_12-52-24-20240506060852-xzxmf.jpg]
[w.ladicdn.com/s600x650/63b3d7bebcd4e8001229d39c/cc55b5e483858982126f885e5598af2e-20240506060852-mnejj.jpg]
[w.ladicdn.com/s600x650/63b3d7bebcd4e8001229d39c/ef5f74af3c518becc5c0ac6bc6b894ca-20240506060852-82-xx.jpg]
[w.ladicdn.com/s600x650/63b3d7bebcd4e8001229d39c/348bf4d53eed86bf3022c078cf507e12-20240506060852-4mkfl.jpg]
[w.ladicdn.com/s700x1450/63b3d7bebcd4e8001229d39c/cheese-pattern-background-1-1-20240604004800-vo0kt.png]
[w.ladicdn.com/s450x450/63b3d7bebcd4e8001229d39c/665d898780a93e7b69e95bbe_timesquare-1-20240604011301-kdopg.png]
[w.ladicdn.com/s450x450/63b3d7bebcd4e8001229d39c/665c96a247c8533b93b0aa33_taj-mahal1-1f-20240604011301-8mn3c.png]
[w.ladicdn.com/s400x450/63b3d7bebcd4e8001229d39c/lonely-planet1-1357571871-20240604011300-7o1jg.jpg]
[w.ladicdn.com/s450x450/63b3d7bebcd4e8001229d39c/665c96a2536e72268349548f_yankee1-1gf-20240604011301-k0rst.png]
[w.ladicdn.com/s450x400/63b3d7bebcd4e8001229d39c/dau-truong-la-ma-20240604011301-bpr-4.jpg]
[w.ladicdn.com/s800x800/63b3d7bebcd4e8001229d39c/665c96a247c8533b93b0aa33_taj-mahal1-1-20240604011640-j835v.png]
[w.ladicdn.com/s800x800/63b3d7bebcd4e8001229d39c/665d898780a93e7b69e95bbe_timesquare-1r-20240604011640-sxlk6.png]
[w.ladicdn.com/s800x800/63b3d7bebcd4e8001229d39c/665c9690270b42c303de9dd4_eifell1-1-20240604011640-lk659.png]
[w.ladicdn.com/s800x800/63b3d7bebcd4e8001229d39c/665c96a2536e72268349548f_yankee1-1-20240604011640-1iv5q.png]
[w.ladicdn.com/s1050x800/63b3d7bebcd4e8001229d39c/dau-truong-la-ma-1-20240604011640-calcb.png]
[w.ladicdn.com/s800x1050/63b3d7bebcd4e8001229d39c/lonely-planet1-1357571871-1-20240604011640-kwl1w.png]
[w.ladicdn.com/s700x1500/63b3d7bebcd4e8001229d39c/cheese-pattern-background-1-1-20240604004800-vo0kt.png]
[w.ladicdn.com/s600x600/63b3d7bebcd4e8001229d39c/4568c98faa524bffeebc881f65f0dde3-20240506060852-rwddi.jpg]
[w.ladicdn.com/s600x650/63b3d7bebcd4e8001229d39c/5f7829afd8069a06c3f83ce9f03a1217-20240506060851-s6mcv.jpg]
[w.ladicdn.com/s600x700/63b3d7bebcd4e8001229d39c/481b173872665c54bfd66e26f0d521d6-20240506061255-hsogz.jpg]
[w.ladicdn.com/s450x450/63b3d7bebcd4e8001229d39c/afda8c3498775702d66a658eeea93186-20240506060017-2cb5h.jpg]
[w.ladicdn.com/s650x650/63b3d7bebcd4e8001229d39c/afda8c3498775702d66a658eeea93186-20240506060239-9ck26.jpg]
[w.ladicdn.com/s700x1150/63b3d7bebcd4e8001229d39c/cheese-pattern-background-1-1-20240604004800-vo0kt.png]
[w.ladicdn.com/s400x400/63b3d7bebcd4e8001229d39c/30f73e10450b9e685f028031296f6ee8-20240506060656-oy6lu.jpg]
[w.ladicdn.com/s400x400/63b3d7bebcd4e8001229d39c/18b954cfca7afc1dfb893ff1099947d1-20240506060656-3h0_m.jpg]
[w.ladicdn.com/s400x400/63b3d7bebcd4e8001229d39c/bbc6dab6104f9e887faa427357f93254-20240506060656-18aly.jpg]
[w.ladicdn.com/s400x400/63b3d7bebcd4e8001229d39c/photo_2024-06-04_07-31-20-1-20240604012055-ystbt.png]
[w.ladicdn.com/s400x400/63b3d7bebcd4e8001229d39c/fd05fd4cb6eec8f1ac0ad2d8dff9df4f-20240506060656-ak_p1.jpg]
[w.ladicdn.com/s400x400/63b3d7bebcd4e8001229d39c/photo_2024-06-04_07-31-20-1r-20240604012054-9arbp.png]
[w.ladicdn.com/s400x400/63b3d7bebcd4e8001229d39c/64264fc015efd6d0b3ae74f43803daed-20240506060656-pqmc-.jpg]
[w.ladicdn.com/s400x450/63b3d7bebcd4e8001229d39c/photo_2024-06-04_07-31-20-1hg-20240604013603-xucpr.png]
[w.ladicdn.com/s400x450/63b3d7bebcd4e8001229d39c/photo_2024-05-06_12-52-24-20240506060852-xzxmf.jpg]
[w.ladicdn.com/s400x450/63b3d7bebcd4e8001229d39c/cc55b5e483858982126f885e5598af2e-20240506060852-mnejj.jpg]
[w.ladicdn.com/s400x450/63b3d7bebcd4e8001229d39c/ef5f74af3c518becc5c0ac6bc6b894ca-20240506060852-82-xx.jpg]
[w.ladicdn.com/s400x450/63b3d7bebcd4e8001229d39c/348bf4d53eed86bf3022c078cf507e12-20240506060852-4mkfl.jpg]
[w.ladicdn.com/s400x400/63b3d7bebcd4e8001229d39c/665d898780a93e7b69e95bbe_timesquare-1-20240604011301-kdopg.png]
[w.ladicdn.com/s400x400/63b3d7bebcd4e8001229d39c/665c96a247c8533b93b0aa33_taj-mahal1-1f-20240604011301-8mn3c.png]
[w.ladicdn.com/s400x400/63b3d7bebcd4e8001229d39c/lonely-planet1-1357571871-20240604011300-7o1jg.jpg]
[w.ladicdn.com/s400x400/63b3d7bebcd4e8001229d39c/665c96a2536e72268349548f_yankee1-1gf-20240604011301-k0rst.png]
[w.ladicdn.com/s400x400/63b3d7bebcd4e8001229d39c/dau-truong-la-ma-20240604011301-bpr-4.jpg]
[w.ladicdn.com/s650x650/63b3d7bebcd4e8001229d39c/665c96a247c8533b93b0aa33_taj-mahal1-1-20240604011640-j835v.png]
[w.ladicdn.com/s650x650/63b3d7bebcd4e8001229d39c/665d898780a93e7b69e95bbe_timesquare-1r-20240604011640-sxlk6.png]
[w.ladicdn.com/s650x650/63b3d7bebcd4e8001229d39c/665c96a2536e72268349548f_yankee1-1-20240604011640-1iv5q.png]
[w.ladicdn.com/s650x650/63b3d7bebcd4e8001229d39c/665c9690270b42c303de9dd4_eifell1-1-20240604011640-lk659.png]
[w.ladicdn.com/s650x650/63b3d7bebcd4e8001229d39c/dau-truong-la-ma-1-20240604011640-calcb.png]
[w.ladicdn.com/s700x1100/63b3d7bebcd4e8001229d39c/cheese-pattern-background-1-1-20240604004800-vo0kt.png]
[w.ladicdn.com/s450x450/63b3d7bebcd4e8001229d39c/4568c98faa524bffeebc881f65f0dde3-20240506060852-rwddi.jpg]
[w.ladicdn.com/s650x800/63b3d7bebcd4e8001229d39c/lonely-planet1-1357571871-1-20240604011640-kwl1w.png]
[w.ladicdn.com/s450x450/63b3d7bebcd4e8001229d39c/5f7829afd8069a06c3f83ce9f03a1217-20240506060851-s6mcv.jpg]
[www.michaonsol.com/index.html]
[w.ladicdn.com/s450x450/63b3d7bebcd4e8001229d39c/481b173872665c54bfd66e26f0d521d6-20240506061255-hsogz.jpg]
